<?xml version="1.0" encoding="UTF-8"?>
<testsuite xmlns:xsi="http://www.w3.org/2001/XMLSchema-instance" xsi:noNamespaceSchemaLocation="https://maven.apache.org/surefire/maven-surefire-plugin/xsd/surefire-test-report.xsd" name="TestSuite" time="4.119" tests="4" errors="0" skipped="0" failures="4">
  <properties>
    <property name="java.runtime.name" value="Java(TM) SE Runtime Environment"/>
    <property name="sun.boot.library.path" value="C:\Program Files\Java\jdk1.8.0_144\jre\bin"/>
    <property name="java.vm.version" value="25.144-b01"/>
    <property name="java.vm.vendor" value="Oracle Corporation"/>
    <property name="java.vendor.url" value="http://java.oracle.com/"/>
    <property name="path.separator" value=";"/>
    <property name="guice.disable.misplaced.annotation.check" value="true"/>
    <property name="java.vm.name" value="Java HotSpot(TM) 64-Bit Server VM"/>
    <property name="file.encoding.pkg" value="sun.io"/>
    <property name="user.script" value=""/>
    <property name="user.country" value="US"/>
    <property name="sun.java.launcher" value="SUN_STANDARD"/>
    <property name="sun.os.patch.level" value=""/>
    <property name="java.vm.specification.name" value="Java Virtual Machine Specification"/>
    <property name="user.dir" value="E:\BATest\BA_NG\TestWebAPI"/>
    <property name="java.runtime.version" value="1.8.0_144-b01"/>
    <property name="java.awt.graphicsenv" value="sun.awt.Win32GraphicsEnvironment"/>
    <property name="java.endorsed.dirs" value="C:\Program Files\Java\jdk1.8.0_144\jre\lib\endorsed"/>
    <property name="os.arch" value="amd64"/>
    <property name="java.io.tmpdir" value="C:\Users\ADMINI~1\AppData\Local\Temp\2\"/>
    <property name="line.separator" value="&#10;"/>
    <property name="java.vm.specification.vendor" value="Oracle Corporation"/>
    <property name="user.variant" value=""/>
    <property name="os.name" value="Windows Server 2012 R2"/>
    <property name="classworlds.conf" value="E:\MavenProject\mopbackup\.metadata\.plugins\org.eclipse.m2e.launching\launches\m2conf6506682523796243280.tmp"/>
    <property name="sun.jnu.encoding" value="Cp1252"/>
    <property name="java.library.path" value="C:\Program Files\Java\jdk1.8.0_144\bin;C:\Windows\Sun\Java\bin;C:\Windows\system32;C:\Windows;C:/Program Files/Java/jdk1.8.0_144/bin/../jre/bin/server;C:/Program Files/Java/jdk1.8.0_144/bin/../jre/bin;C:/Program Files/Java/jdk1.8.0_144/bin/../jre/lib/amd64;C:\Program Files\Java\jdk1.8.0_144\bin;C:\ProgramData\Oracle\Java\javapath;C:\Windows\system32;C:\Windows;C:\Windows\System32\Wbem;C:\Windows\System32\WindowsPowerShell\v1.0\;C:\Windows\system32\config\systemprofile\.dnx\bin;C:\Program Files\Microsoft DNX\Dnvm\;C:\Program Files\Microsoft SQL Server\130\Tools\Binn\;C:\Program Files (x86)\Windows Kits\8.1\Windows Performance Toolkit\;C:\Program Files\TortoiseHg;E:\BATest\apache-maven-3.5.3-bin\apache-maven-3.5.3\bin;C:\Program Files\Git\cmd;C:\Program Files\PuTTY\;C:\Program Files\nodejs\;C:\Users\Administrator\AppData\Local\Android\Sdk\tools;C:\Users\Administrator\AppData\Local\Android\Sdk\platform-tools;C:\Gradle\gradle-4.9\bin;C:\Users\Administrator\AppData\Local\Programs\Python\Python36\Scripts\;C:\Users\Administrator\AppData\Local\Programs\Python\Python36\;C:\Program Files\Java\jdk1.8.0_144\bin;C:\Program Files (x86)\Microsoft VS Code\bin;E:\BATest\BA_NG\ng-web\node_modules\.bin;C:\Users\Administrator\AppData\Local\GitHubDesktop\bin;C:\Users\Administrator\AppData\Roaming\npm;E:\eclipse;;."/>
    <property name="java.specification.name" value="Java Platform API Specification"/>
    <property name="java.class.version" value="52.0"/>
    <property name="sun.management.compiler" value="HotSpot 64-Bit Tiered Compilers"/>
    <property name="os.version" value="6.3"/>
    <property name="user.home" value="C:\Users\Administrator"/>
    <property name="user.timezone" value="Australia/Sydney"/>
    <property name="java.awt.printerjob" value="sun.awt.windows.WPrinterJob"/>
    <property name="java.specification.version" value="1.8"/>
    <property name="file.encoding" value="Cp1252"/>
    <property name="user.name" value="Administrator"/>
    <property name="java.class.path" value="/E:/eclipse/plugins/org.eclipse.m2e.maven.runtime_1.5.2.20150413-2214/jars/plexus-classworlds-2.5.1.jar"/>
    <property name="org.slf4j.simpleLogger.defaultLogLevel" value="info"/>
    <property name="java.vm.specification.version" value="1.8"/>
    <property name="sun.arch.data.model" value="64"/>
    <property name="java.home" value="C:\Program Files\Java\jdk1.8.0_144\jre"/>
    <property name="sun.java.command" value="org.codehaus.plexus.classworlds.launcher.Launcher -B test"/>
    <property name="java.specification.vendor" value="Oracle Corporation"/>
    <property name="user.language" value="en"/>
    <property name="awt.toolkit" value="sun.awt.windows.WToolkit"/>
    <property name="java.vm.info" value="mixed mode"/>
    <property name="java.version" value="1.8.0_144"/>
    <property name="java.ext.dirs" value="C:\Program Files\Java\jdk1.8.0_144\jre\lib\ext;C:\Windows\Sun\Java\lib\ext"/>
    <property name="sun.boot.class.path" value="C:\Program Files\Java\jdk1.8.0_144\jre\lib\resources.jar;C:\Program Files\Java\jdk1.8.0_144\jre\lib\rt.jar;C:\Program Files\Java\jdk1.8.0_144\jre\lib\sunrsasign.jar;C:\Program Files\Java\jdk1.8.0_144\jre\lib\jsse.jar;C:\Program Files\Java\jdk1.8.0_144\jre\lib\jce.jar;C:\Program Files\Java\jdk1.8.0_144\jre\lib\charsets.jar;C:\Program Files\Java\jdk1.8.0_144\jre\lib\jfr.jar;C:\Program Files\Java\jdk1.8.0_144\jre\classes"/>
    <property name="java.vendor" value="Oracle Corporation"/>
    <property name="maven.home" value="E:\BATest\BA_NG\TestWebAPI\EMBEDDED"/>
    <property name="file.separator" value="\"/>
    <property name="java.vendor.url.bug" value="http://bugreport.sun.com/bugreport/"/>
    <property name="sun.cpu.endian" value="little"/>
    <property name="sun.io.unicode.encoding" value="UnicodeLittle"/>
    <property name="sun.desktop" value="windows"/>
    <property name="sun.cpu.isalist" value="amd64"/>
  </properties>
  <testcase name="createAndRunJob" classname="com.backupassist.testwebapi.DataDrivenRuntimeJobTest" time="2.123">
    <failure message="1 expectation failed.&#10;Expected status code &lt;201&gt; but was &lt;500&gt;.&#10;" type="java.lang.AssertionError"><![CDATA[java.lang.AssertionError: 
1 expectation failed.
Expected status code <201> but was <500>.

	at com.backupassist.testwebapi.DataDrivenRuntimeJobTest.createAndRunJob(DataDrivenRuntimeJobTest.java:44)
]]></failure>
    <system-out><![CDATA[...
... TestNG 6.11 by CÃ©dric Beust (cedric@beust.com)
...

2018-07-27 13:33:40,931 main DEBUG Initializing configuration XmlConfiguration[location=E:\BATest\BA_NG\TestWebAPI\config\log4j2-test.xml]
2018-07-27 13:33:40,931 main DEBUG Installed 1 script engine
2018-07-27 13:33:41,477 main DEBUG Oracle Nashorn version: 1.8.0_144, language: ECMAScript, threading: Not Thread Safe, compile: true, names: [nashorn, Nashorn, js, JS, JavaScript, javascript, ECMAScript, ecmascript], factory class: jdk.nashorn.api.scripting.NashornScriptEngineFactory
2018-07-27 13:33:41,484 main DEBUG Took 0.001560 seconds to load 0 plugins from package om.backupassist.testwebapi
2018-07-27 13:33:41,484 main DEBUG PluginManager 'Core' found 115 plugins
2018-07-27 13:33:41,484 main DEBUG PluginManager 'Level' found 0 plugins
2018-07-27 13:33:41,484 main DEBUG Building Plugin[name=property, class=org.apache.logging.log4j.core.config.Property].
2018-07-27 13:33:41,499 main DEBUG PluginManager 'TypeConverter' found 26 plugins
2018-07-27 13:33:41,515 main DEBUG createProperty(name="filename", value="target/logs/webapitest.log")
2018-07-27 13:33:41,515 main DEBUG Building Plugin[name=properties, class=org.apache.logging.log4j.core.config.PropertiesPlugin].
2018-07-27 13:33:41,530 main DEBUG configureSubstitutor(={filename=target/logs/webapitest.log}, Configuration(LoggerConfig))
2018-07-27 13:33:41,530 main DEBUG PluginManager 'Lookup' found 13 plugins
2018-07-27 13:33:41,530 main DEBUG Building Plugin[name=layout, class=org.apache.logging.log4j.core.layout.PatternLayout].
2018-07-27 13:33:41,546 main DEBUG PatternLayout$Builder(pattern="[%highlight{%p}{FATAL=red, ERROR=Bright red, WARN=Bright yellow, INFO=Bright blue, DEBUG=green, TRACE=cyan}] %m%n", PatternSelector=null, Configuration(LoggerConfig), Replace=null, charset="null", alwaysWriteExceptions="null", disableAnsi="null", noConsoleNoAnsi="null", header="null", footer="null")
2018-07-27 13:33:41,546 main DEBUG PluginManager 'Converter' found 42 plugins
2018-07-27 13:33:41,546 main DEBUG Building Plugin[name=appender, class=org.apache.logging.log4j.core.appender.ConsoleAppender].
2018-07-27 13:33:41,562 main DEBUG ConsoleAppender$Builder(target="SYSTEM_OUT", follow="null", direct="null", bufferedIo="null", bufferSize="null", immediateFlush="null", ignoreExceptions="null", PatternLayout([%highlight{%p}{FATAL=red, ERROR=Bright red, WARN=Bright yellow, INFO=Bright blue, DEBUG=green, TRACE=cyan}] %m%n), name="STDOUT", Configuration(LoggerConfig), Filter=null)
2018-07-27 13:33:41,562 main DEBUG Jansi is not installed, cannot find org.fusesource.jansi.WindowsAnsiOutputStream
2018-07-27 13:33:41,562 main DEBUG Starting OutputStreamManager SYSTEM_OUT.false.false
2018-07-27 13:33:41,562 main DEBUG Building Plugin[name=layout, class=org.apache.logging.log4j.core.layout.PatternLayout].
2018-07-27 13:33:41,577 main DEBUG PatternLayout$Builder(pattern="%d{yyyy-MM-dd HH:mm:ss.SSS} [%p][%t] %c{1} - %msg%n", PatternSelector=null, Configuration(LoggerConfig), Replace=null, charset="null", alwaysWriteExceptions="null", disableAnsi="null", noConsoleNoAnsi="null", header="null", footer="null")
2018-07-27 13:33:41,593 main DEBUG Building Plugin[name=SizeBasedTriggeringPolicy, class=org.apache.logging.log4j.core.appender.rolling.SizeBasedTriggeringPolicy].
2018-07-27 13:33:41,593 main DEBUG createPolicy(size="2 MB")
2018-07-27 13:33:41,609 main DEBUG Building Plugin[name=Policies, class=org.apache.logging.log4j.core.appender.rolling.CompositeTriggeringPolicy].
2018-07-27 13:33:41,609 main DEBUG createPolicy(={SizeBasedTriggeringPolicy(size=2097152)})
2018-07-27 13:33:41,609 main DEBUG Building Plugin[name=appender, class=org.apache.logging.log4j.core.appender.RollingFileAppender].
2018-07-27 13:33:41,609 main DEBUG RollingFileAppender$Builder(fileName="target/logs/webapitest.log", filePattern="target/logs/rolling/webapitest-%d{yyyy-MM-dd-HH-mm-ss}-%i.log.gz", append="null", locking="null", Policies(CompositeTriggeringPolicy(policies=[SizeBasedTriggeringPolicy(size=2097152)])), Strategy=null, advertise="null", advertiseUri="null", createOnDemand="null", filePermissions="null", fileOwner="null", fileGroup="null", bufferedIo="null", bufferSize="null", immediateFlush="null", ignoreExceptions="null", PatternLayout(%d{yyyy-MM-dd HH:mm:ss.SSS} [%p][%t] %c{1} - %msg%n), name="RollingFile", Configuration(LoggerConfig), Filter=null)
2018-07-27 13:33:41,609 main DEBUG Starting RollingFileManager target/logs/webapitest.log
2018-07-27 13:33:41,624 main DEBUG PluginManager 'FileConverter' found 2 plugins
2018-07-27 13:33:41,624 main DEBUG Setting prev file time to 2018-07-27T13:27:49.731+1000
2018-07-27 13:33:41,624 main DEBUG Initializing triggering policy CompositeTriggeringPolicy(policies=[SizeBasedTriggeringPolicy(size=2097152)])
2018-07-27 13:33:41,624 main DEBUG Building Plugin[name=appenders, class=org.apache.logging.log4j.core.config.AppendersPlugin].
2018-07-27 13:33:41,624 main DEBUG createAppenders(={STDOUT, RollingFile})
2018-07-27 13:33:41,624 main DEBUG Building Plugin[name=AppenderRef, class=org.apache.logging.log4j.core.config.AppenderRef].
2018-07-27 13:33:41,624 main DEBUG createAppenderRef(ref="RollingFile", level="DEBUG", Filter=null)
2018-07-27 13:33:41,624 main DEBUG Building Plugin[name=AppenderRef, class=org.apache.logging.log4j.core.config.AppenderRef].
2018-07-27 13:33:41,624 main DEBUG createAppenderRef(ref="STDOUT", level="INFO", Filter=null)
2018-07-27 13:33:41,624 main DEBUG Building Plugin[name=root, class=org.apache.logging.log4j.core.config.LoggerConfig$RootLogger].
2018-07-27 13:33:41,624 main DEBUG createLogger(additivity="null", level="TRACE", includeLocation="null", ={RollingFile, STDOUT}, ={}, Configuration(LoggerConfig), Filter=null)
2018-07-27 13:33:41,640 main DEBUG Building Plugin[name=loggers, class=org.apache.logging.log4j.core.config.LoggersPlugin].
2018-07-27 13:33:41,640 main DEBUG createLoggers(={root})
2018-07-27 13:33:41,640 main DEBUG Configuration XmlConfiguration[location=E:\BATest\BA_NG\TestWebAPI\config\log4j2-test.xml] initialized
2018-07-27 13:33:41,640 main DEBUG Starting configuration XmlConfiguration[location=E:\BATest\BA_NG\TestWebAPI\config\log4j2-test.xml]
2018-07-27 13:33:41,640 main DEBUG Started configuration XmlConfiguration[location=E:\BATest\BA_NG\TestWebAPI\config\log4j2-test.xml] OK.
2018-07-27 13:33:41,640 main DEBUG Shutting down OutputStreamManager SYSTEM_OUT.false.false-1
2018-07-27 13:33:41,640 main DEBUG Shut down OutputStreamManager SYSTEM_OUT.false.false-1, all resources released: true
2018-07-27 13:33:41,640 main DEBUG Appender DefaultConsole-1 stopped with status true
2018-07-27 13:33:41,640 main DEBUG Stopped org.apache.logging.log4j.core.config.DefaultConfiguration@42dafa95 OK
2018-07-27 13:33:41,702 main DEBUG Registering MBean org.apache.logging.log4j2:type=6bc7c054
2018-07-27 13:33:41,702 main DEBUG Registering MBean org.apache.logging.log4j2:type=6bc7c054,component=StatusLogger
2018-07-27 13:33:41,702 main DEBUG Registering MBean org.apache.logging.log4j2:type=6bc7c054,component=ContextSelector
2018-07-27 13:33:41,718 main DEBUG Registering MBean org.apache.logging.log4j2:type=6bc7c054,component=Loggers,name=
2018-07-27 13:33:41,718 main DEBUG Registering MBean org.apache.logging.log4j2:type=6bc7c054,component=Appenders,name=STDOUT
2018-07-27 13:33:41,718 main DEBUG Registering MBean org.apache.logging.log4j2:type=6bc7c054,component=Appenders,name=RollingFile
2018-07-27 13:33:41,718 main DEBUG Reconfiguration complete for context[name=6bc7c054] at URI E:\BATest\BA_NG\TestWebAPI\config\log4j2-test.xml (org.apache.logging.log4j.core.LoggerContext@72e5a8e) with optional ClassLoader: null
2018-07-27 13:33:41,718 main DEBUG Shutdown hook enabled. Registering a new one.
2018-07-27 13:33:41,718 main DEBUG LoggerContext[name=6bc7c054, org.apache.logging.log4j.core.LoggerContext@72e5a8e] started OK.
[&amp#27;[1;34mINFO&amp#27;[m] ******************************************************************
[&amp#27;[1;34mINFO&amp#27;[m] *     com.backupassist.testwebapi.DataDrivenRuntimeJobTest
[&amp#27;[1;34mINFO&amp#27;[m] ******************************************************************
[&amp#27;[1;34mINFO&amp#27;[m] ----------------Test Case 1 : createAndRunJob----------------
[&amp#27;[1;34mINFO&amp#27;[m] Start to read JSON file:E:\BATest\BA_NG\TestWebAPI\testdata\Function\CC\4.1 CCToLocal.json
HTTP/1.1 500 Internal Server Error
Content-Length: 2666
Content-Type: application/json; charset=utf-8
Server: Microsoft-HTTPAPI/2.0
Access-Control-Allow-Origin: *
Date: Fri, 27 Jul 2018 03:33:43 GMT

{
    "Message": "An error has occurred.",
    "ExceptionMessage": "Object reference not set to an instance of an object.",
    "ExceptionType": "System.NullReferenceException",
    "StackTrace": "   at CortexIT.BA.WebAPI.Controllers.BackupJobController.Post(BackupJob[] backupJobs)\r\n   at lambda_method(Closure , Object , Object[] )\r\n   at System.Web.Http.Controllers.ReflectedHttpActionDescriptor.ActionExecutor.<>c__DisplayClass10.<GetExecutor>b__9(Object instance, Object[] methodParameters)\r\n   at System.Web.Http.Controllers.ReflectedHttpActionDescriptor.ExecuteAsync(HttpControllerContext controllerContext, IDictionary`2 arguments, CancellationToken cancellationToken)\r\n--- End of stack trace from previous location where exception was thrown ---\r\n   at System.Runtime.ExceptionServices.ExceptionDispatchInfo.Throw()\r\n   at System.Runtime.CompilerServices.TaskAwaiter.HandleNonSuccessAndDebuggerNotification(Task task)\r\n   at System.Web.Http.Controllers.ApiControllerActionInvoker.<InvokeActionAsyncCore>d__0.MoveNext()\r\n--- End of stack trace from previous location where exception was thrown ---\r\n   at System.Runtime.ExceptionServices.ExceptionDispatchInfo.Throw()\r\n   at System.Runtime.CompilerServices.TaskAwaiter.HandleNonSuccessAndDebuggerNotification(Task task)\r\n   at System.Web.Http.Filters.ActionFilterAttribute.<CallOnActionExecutedAsync>d__5.MoveNext()\r\n--- End of stack trace from previous location where exception was thrown ---\r\n   at System.Runtime.ExceptionServices.ExceptionDispatchInfo.Throw()\r\n   at System.Web.Http.Filters.ActionFilterAttribute.<CallOnActionExecutedAsync>d__5.MoveNext()\r\n--- End of stack trace from previous location where exception was thrown ---\r\n   at System.Runtime.ExceptionServices.ExceptionDispatchInfo.Throw()\r\n   at System.Runtime.CompilerServices.TaskAwaiter.HandleNonSuccessAndDebuggerNotification(Task task)\r\n   at System.Web.Http.Filters.ActionFilterAttribute.<ExecuteActionFilterAsyncCore>d__0.MoveNext()\r\n--- End of stack trace from previous location where exception was thrown ---\r\n   at System.Runtime.ExceptionServices.ExceptionDispatchInfo.Throw()\r\n   at System.Runtime.CompilerServices.TaskAwaiter.HandleNonSuccessAndDebuggerNotification(Task task)\r\n   at System.Web.Http.Controllers.ActionFilterResult.<ExecuteAsync>d__2.MoveNext()\r\n--- End of stack trace from previous location where exception was thrown ---\r\n   at System.Runtime.ExceptionServices.ExceptionDispatchInfo.Throw()\r\n   at System.Runtime.CompilerServices.TaskAwaiter.HandleNonSuccessAndDebuggerNotification(Task task)\r\n   at System.Web.Http.Dispatcher.HttpControllerDispatcher.<SendAsync>d__1.MoveNext()"
}
]]></system-out>
  </testcase>
  <testcase name="createAndRunJob" classname="com.backupassist.testwebapi.DataDrivenRuntimeJobTest" time="0.046">
    <failure message="1 expectation failed.&#10;Expected status code &lt;201&gt; but was &lt;500&gt;.&#10;" type="java.lang.AssertionError"><![CDATA[java.lang.AssertionError: 
1 expectation failed.
Expected status code <201> but was <500>.

	at com.backupassist.testwebapi.DataDrivenRuntimeJobTest.createAndRunJob(DataDrivenRuntimeJobTest.java:44)
]]></failure>
    <system-out><![CDATA[[&amp#27;[1;34mINFO&amp#27;[m]                                                                   
[&amp#27;[1;34mINFO&amp#27;[m] ----------------Test Case 2 : createAndRunJob----------------
[&amp#27;[1;34mINFO&amp#27;[m] Start to read JSON file:E:\BATest\BA_NG\TestWebAPI\testdata\Function\FA\3.1 FAToLocal.json
HTTP/1.1 500 Internal Server Error
Content-Length: 2666
Content-Type: application/json; charset=utf-8
Server: Microsoft-HTTPAPI/2.0
Access-Control-Allow-Origin: *
Date: Fri, 27 Jul 2018 03:33:43 GMT

{
    "Message": "An error has occurred.",
    "ExceptionMessage": "Object reference not set to an instance of an object.",
    "ExceptionType": "System.NullReferenceException",
    "StackTrace": "   at CortexIT.BA.WebAPI.Controllers.BackupJobController.Post(BackupJob[] backupJobs)\r\n   at lambda_method(Closure , Object , Object[] )\r\n   at System.Web.Http.Controllers.ReflectedHttpActionDescriptor.ActionExecutor.<>c__DisplayClass10.<GetExecutor>b__9(Object instance, Object[] methodParameters)\r\n   at System.Web.Http.Controllers.ReflectedHttpActionDescriptor.ExecuteAsync(HttpControllerContext controllerContext, IDictionary`2 arguments, CancellationToken cancellationToken)\r\n--- End of stack trace from previous location where exception was thrown ---\r\n   at System.Runtime.ExceptionServices.ExceptionDispatchInfo.Throw()\r\n   at System.Runtime.CompilerServices.TaskAwaiter.HandleNonSuccessAndDebuggerNotification(Task task)\r\n   at System.Web.Http.Controllers.ApiControllerActionInvoker.<InvokeActionAsyncCore>d__0.MoveNext()\r\n--- End of stack trace from previous location where exception was thrown ---\r\n   at System.Runtime.ExceptionServices.ExceptionDispatchInfo.Throw()\r\n   at System.Runtime.CompilerServices.TaskAwaiter.HandleNonSuccessAndDebuggerNotification(Task task)\r\n   at System.Web.Http.Filters.ActionFilterAttribute.<CallOnActionExecutedAsync>d__5.MoveNext()\r\n--- End of stack trace from previous location where exception was thrown ---\r\n   at System.Runtime.ExceptionServices.ExceptionDispatchInfo.Throw()\r\n   at System.Web.Http.Filters.ActionFilterAttribute.<CallOnActionExecutedAsync>d__5.MoveNext()\r\n--- End of stack trace from previous location where exception was thrown ---\r\n   at System.Runtime.ExceptionServices.ExceptionDispatchInfo.Throw()\r\n   at System.Runtime.CompilerServices.TaskAwaiter.HandleNonSuccessAndDebuggerNotification(Task task)\r\n   at System.Web.Http.Filters.ActionFilterAttribute.<ExecuteActionFilterAsyncCore>d__0.MoveNext()\r\n--- End of stack trace from previous location where exception was thrown ---\r\n   at System.Runtime.ExceptionServices.ExceptionDispatchInfo.Throw()\r\n   at System.Runtime.CompilerServices.TaskAwaiter.HandleNonSuccessAndDebuggerNotification(Task task)\r\n   at System.Web.Http.Controllers.ActionFilterResult.<ExecuteAsync>d__2.MoveNext()\r\n--- End of stack trace from previous location where exception was thrown ---\r\n   at System.Runtime.ExceptionServices.ExceptionDispatchInfo.Throw()\r\n   at System.Runtime.CompilerServices.TaskAwaiter.HandleNonSuccessAndDebuggerNotification(Task task)\r\n   at System.Web.Http.Dispatcher.HttpControllerDispatcher.<SendAsync>d__1.MoveNext()"
}
]]></system-out>
  </testcase>
  <testcase name="createAndRunJob" classname="com.backupassist.testwebapi.DataDrivenRuntimeJobTest" time="0.032">
    <failure message="1 expectation failed.&#10;Expected status code &lt;201&gt; but was &lt;500&gt;.&#10;" type="java.lang.AssertionError"><![CDATA[java.lang.AssertionError: 
1 expectation failed.
Expected status code <201> but was <500>.

	at com.backupassist.testwebapi.DataDrivenRuntimeJobTest.createAndRunJob(DataDrivenRuntimeJobTest.java:44)
]]></failure>
    <system-out><![CDATA[[&amp#27;[1;34mINFO&amp#27;[m]                                                                   
[&amp#27;[1;34mINFO&amp#27;[m] ----------------Test Case 3 : createAndRunJob----------------
[&amp#27;[1;34mINFO&amp#27;[m] Start to read JSON file:E:\BATest\BA_NG\TestWebAPI\testdata\Function\FP\2.1 FPToLocal.json
HTTP/1.1 500 Internal Server Error
Content-Length: 2666
Content-Type: application/json; charset=utf-8
Server: Microsoft-HTTPAPI/2.0
Access-Control-Allow-Origin: *
Date: Fri, 27 Jul 2018 03:33:43 GMT

{
    "Message": "An error has occurred.",
    "ExceptionMessage": "Object reference not set to an instance of an object.",
    "ExceptionType": "System.NullReferenceException",
    "StackTrace": "   at CortexIT.BA.WebAPI.Controllers.BackupJobController.Post(BackupJob[] backupJobs)\r\n   at lambda_method(Closure , Object , Object[] )\r\n   at System.Web.Http.Controllers.ReflectedHttpActionDescriptor.ActionExecutor.<>c__DisplayClass10.<GetExecutor>b__9(Object instance, Object[] methodParameters)\r\n   at System.Web.Http.Controllers.ReflectedHttpActionDescriptor.ExecuteAsync(HttpControllerContext controllerContext, IDictionary`2 arguments, CancellationToken cancellationToken)\r\n--- End of stack trace from previous location where exception was thrown ---\r\n   at System.Runtime.ExceptionServices.ExceptionDispatchInfo.Throw()\r\n   at System.Runtime.CompilerServices.TaskAwaiter.HandleNonSuccessAndDebuggerNotification(Task task)\r\n   at System.Web.Http.Controllers.ApiControllerActionInvoker.<InvokeActionAsyncCore>d__0.MoveNext()\r\n--- End of stack trace from previous location where exception was thrown ---\r\n   at System.Runtime.ExceptionServices.ExceptionDispatchInfo.Throw()\r\n   at System.Runtime.CompilerServices.TaskAwaiter.HandleNonSuccessAndDebuggerNotification(Task task)\r\n   at System.Web.Http.Filters.ActionFilterAttribute.<CallOnActionExecutedAsync>d__5.MoveNext()\r\n--- End of stack trace from previous location where exception was thrown ---\r\n   at System.Runtime.ExceptionServices.ExceptionDispatchInfo.Throw()\r\n   at System.Web.Http.Filters.ActionFilterAttribute.<CallOnActionExecutedAsync>d__5.MoveNext()\r\n--- End of stack trace from previous location where exception was thrown ---\r\n   at System.Runtime.ExceptionServices.ExceptionDispatchInfo.Throw()\r\n   at System.Runtime.CompilerServices.TaskAwaiter.HandleNonSuccessAndDebuggerNotification(Task task)\r\n   at System.Web.Http.Filters.ActionFilterAttribute.<ExecuteActionFilterAsyncCore>d__0.MoveNext()\r\n--- End of stack trace from previous location where exception was thrown ---\r\n   at System.Runtime.ExceptionServices.ExceptionDispatchInfo.Throw()\r\n   at System.Runtime.CompilerServices.TaskAwaiter.HandleNonSuccessAndDebuggerNotification(Task task)\r\n   at System.Web.Http.Controllers.ActionFilterResult.<ExecuteAsync>d__2.MoveNext()\r\n--- End of stack trace from previous location where exception was thrown ---\r\n   at System.Runtime.ExceptionServices.ExceptionDispatchInfo.Throw()\r\n   at System.Runtime.CompilerServices.TaskAwaiter.HandleNonSuccessAndDebuggerNotification(Task task)\r\n   at System.Web.Http.Dispatcher.HttpControllerDispatcher.<SendAsync>d__1.MoveNext()"
}
]]></system-out>
  </testcase>
  <testcase name="createAndRunJob" classname="com.backupassist.testwebapi.DataDrivenRuntimeJobTest" time="0.047">
    <failure message="1 expectation failed.&#10;Expected status code &lt;201&gt; but was &lt;500&gt;.&#10;" type="java.lang.AssertionError"><![CDATA[java.lang.AssertionError: 
1 expectation failed.
Expected status code <201> but was <500>.

	at com.backupassist.testwebapi.DataDrivenRuntimeJobTest.createAndRunJob(DataDrivenRuntimeJobTest.java:44)
]]></failure>
    <system-out><![CDATA[[&amp#27;[1;34mINFO&amp#27;[m]                                                                   
[&amp#27;[1;34mINFO&amp#27;[m] ----------------Test Case 4 : createAndRunJob----------------
[&amp#27;[1;34mINFO&amp#27;[m] Start to read JSON file:E:\BATest\BA_NG\TestWebAPI\testdata\Function\SP\1.1 SPToLocal.json
HTTP/1.1 500 Internal Server Error
Content-Length: 2666
Content-Type: application/json; charset=utf-8
Server: Microsoft-HTTPAPI/2.0
Access-Control-Allow-Origin: *
Date: Fri, 27 Jul 2018 03:33:43 GMT

{
    "Message": "An error has occurred.",
    "ExceptionMessage": "Object reference not set to an instance of an object.",
    "ExceptionType": "System.NullReferenceException",
    "StackTrace": "   at CortexIT.BA.WebAPI.Controllers.BackupJobController.Post(BackupJob[] backupJobs)\r\n   at lambda_method(Closure , Object , Object[] )\r\n   at System.Web.Http.Controllers.ReflectedHttpActionDescriptor.ActionExecutor.<>c__DisplayClass10.<GetExecutor>b__9(Object instance, Object[] methodParameters)\r\n   at System.Web.Http.Controllers.ReflectedHttpActionDescriptor.ExecuteAsync(HttpControllerContext controllerContext, IDictionary`2 arguments, CancellationToken cancellationToken)\r\n--- End of stack trace from previous location where exception was thrown ---\r\n   at System.Runtime.ExceptionServices.ExceptionDispatchInfo.Throw()\r\n   at System.Runtime.CompilerServices.TaskAwaiter.HandleNonSuccessAndDebuggerNotification(Task task)\r\n   at System.Web.Http.Controllers.ApiControllerActionInvoker.<InvokeActionAsyncCore>d__0.MoveNext()\r\n--- End of stack trace from previous location where exception was thrown ---\r\n   at System.Runtime.ExceptionServices.ExceptionDispatchInfo.Throw()\r\n   at System.Runtime.CompilerServices.TaskAwaiter.HandleNonSuccessAndDebuggerNotification(Task task)\r\n   at System.Web.Http.Filters.ActionFilterAttribute.<CallOnActionExecutedAsync>d__5.MoveNext()\r\n--- End of stack trace from previous location where exception was thrown ---\r\n   at System.Runtime.ExceptionServices.ExceptionDispatchInfo.Throw()\r\n   at System.Web.Http.Filters.ActionFilterAttribute.<CallOnActionExecutedAsync>d__5.MoveNext()\r\n--- End of stack trace from previous location where exception was thrown ---\r\n   at System.Runtime.ExceptionServices.ExceptionDispatchInfo.Throw()\r\n   at System.Runtime.CompilerServices.TaskAwaiter.HandleNonSuccessAndDebuggerNotification(Task task)\r\n   at System.Web.Http.Filters.ActionFilterAttribute.<ExecuteActionFilterAsyncCore>d__0.MoveNext()\r\n--- End of stack trace from previous location where exception was thrown ---\r\n   at System.Runtime.ExceptionServices.ExceptionDispatchInfo.Throw()\r\n   at System.Runtime.CompilerServices.TaskAwaiter.HandleNonSuccessAndDebuggerNotification(Task task)\r\n   at System.Web.Http.Controllers.ActionFilterResult.<ExecuteAsync>d__2.MoveNext()\r\n--- End of stack trace from previous location where exception was thrown ---\r\n   at System.Runtime.ExceptionServices.ExceptionDispatchInfo.Throw()\r\n   at System.Runtime.CompilerServices.TaskAwaiter.HandleNonSuccessAndDebuggerNotification(Task task)\r\n   at System.Web.Http.Dispatcher.HttpControllerDispatcher.<SendAsync>d__1.MoveNext()"
}
]]></system-out>
  </testcase>
</testsuite>