<?xml version="1.0" encoding="UTF-8"?>
<!-- Generated by org.testng.reporters.JUnitReportReporter -->
<testsuite skipped="1" hostname="Rong-TestingHost" name="com.backupassist.sample.SampleTest" tests="6" failures="0" timestamp="27 Jul 2018 03:18:20 GMT" time="2.299" errors="0">
  <testcase name="testArrayJason" time="0.078" classname="com.backupassist.sample.SampleTest"/>
  <testcase name="testDataProvider" time="0.000" classname="com.backupassist.sample.SampleTest"/>
  <testcase name="testDataProvider" time="0.000" classname="com.backupassist.sample.SampleTest"/>
  <testcase name="testJason" time="0.000" classname="com.backupassist.sample.SampleTest"/>
  <testcase name="testRestAssuredToClass" time="2.221" classname="com.backupassist.sample.SampleTest"/>
  <testcase name="deleteAll" classname="com.backupassist.sample.SampleTest">
    <skipped/>
  </testcase> <!-- deleteAll -->
</testsuite> <!-- com.backupassist.sample.SampleTest -->
